<?xml version="1.0" encoding="UTF-8"?>
<!-- Generated by org.testng.reporters.JUnitReportReporter -->
<testsuite hostname="LAPTOP-QFB7FCFV" failures="0" tests="1" name="tests.Month_DropDown_Test" time="2.175" errors="0" timestamp="2023-02-18T14:31:18 CST" skipped="0">
  <testcase classname="tests.Month_DropDown_Test" name="TestMonthDropDown" time="2.175"/>
  <system-out/>
</testsuite> <!-- tests.Month_DropDown_Test -->
