<?xml version="1.0" encoding="UTF-8"?>
<!-- Generated by org.testng.reporters.JUnitReportReporter -->
<testsuite hostname="LAPTOP-QFB7FCFV" failures="0" tests="1" name="tests.Duplicate_Category_Test" time="8.146" errors="0" timestamp="2023-02-19T11:13:16 CST" skipped="0">
  <testcase classname="tests.Duplicate_Category_Test" name="ValidateUserShouldNotAbleToAddDuplicateCategory" time="8.146"/>
  <system-out/>
</testsuite> <!-- tests.Duplicate_Category_Test -->
